<?xml version="1.0" encoding="UTF-8"?>
<!-- Generated by org.testng.reporters.JUnitReportReporter -->
<testsuite hostname="NITHIN" failures="0" tests="1" name="com.BookWagon.Test.BWloginTest" time="23.032" errors="0" timestamp="2024-08-11T11:43:42 IST" skipped="0">
  <testcase classname="com.BookWagon.Test.BWloginTest" name="logintest" time="23.032"/>
  <system-out/>
</testsuite> <!-- com.BookWagon.Test.BWloginTest -->
