<?xml version="1.0" encoding="UTF-8"?>
<!-- Generated by org.testng.reporters.JUnitReportReporter -->
<testsuite hostname="NITHIN" failures="0" tests="3" name="com.BookWagon.Test.BWcartTest" time="10.901" errors="0" timestamp="2024-08-11T11:40:33 IST" skipped="0">
  <testcase classname="com.BookWagon.Test.BWcartTest" name="addtocart" time="3.073"/>
  <system-out/>
  <testcase classname="com.BookWagon.Test.BWcartTest" name="cartpage" time="6.930"/>
  <system-out/>
  <testcase classname="com.BookWagon.Test.BWcartTest" name="removeItemfromCart" time="0.898"/>
  <system-out/>
</testsuite> <!-- com.BookWagon.Test.BWcartTest -->
