<?xml version="1.0" encoding="UTF-8"?>
<!-- Generated by org.testng.reporters.JUnitReportReporter -->
<testsuite hostname="NITHIN" failures="0" tests="1" name="com.BookWagon.Test.BWtestclass" time="3.084" errors="0" timestamp="2024-08-07T21:15:52 IST" skipped="0">
  <testcase classname="com.BookWagon.Test.BWtestclass" name="test1" time="3.084"/>
  <system-out/>
</testsuite> <!-- com.BookWagon.Test.BWtestclass -->
